<?xml version="1.0" encoding="UTF-8"?>
<testsuite xmlns:xsi="http://www.w3.org/2001/XMLSchema-instance" xsi:noNamespaceSchemaLocation="https://maven.apache.org/surefire/maven-surefire-plugin/xsd/surefire-test-report-3.0.xsd" version="3.0" name="com.application.budgeter.ExpenseTest" time="0.02" tests="14" errors="0" skipped="0" failures="0">
  <properties>
    <property name="java.specification.version" value="17"/>
    <property name="sun.cpu.isalist" value="amd64"/>
    <property name="sun.jnu.encoding" value="Cp1252"/>
    <property name="java.class.path" value="C:\Users\sukhnain\Documents\GitHub\Budgeter\target\test-classes;C:\Users\sukhnain\.m2\repository\org\openjfx\javafx-controls\19\javafx-controls-19.jar;C:\Users\sukhnain\.m2\repository\org\openjfx\javafx-graphics\19\javafx-graphics-19.jar;C:\Users\sukhnain\.m2\repository\org\openjfx\javafx-base\19\javafx-base-19.jar;C:\Users\sukhnain\.m2\repository\org\openjfx\javafx-fxml\19\javafx-fxml-19.jar;C:\Users\sukhnain\.m2\repository\junit\junit\4.12\junit-4.12.jar;C:\Users\sukhnain\.m2\repository\org\hamcrest\hamcrest-core\1.3\hamcrest-core-1.3.jar;"/>
    <property name="java.vm.vendor" value="Eclipse Adoptium"/>
    <property name="sun.arch.data.model" value="64"/>
    <property name="user.variant" value=""/>
    <property name="java.vendor.url" value="https://adoptium.net/"/>
    <property name="user.timezone" value="America/Los_Angeles"/>
    <property name="os.name" value="Windows 10"/>
    <property name="java.vm.specification.version" value="17"/>
    <property name="sun.java.launcher" value="SUN_STANDARD"/>
    <property name="user.country" value="US"/>
    <property name="sun.boot.library.path" value="C:\Program Files\Eclipse Adoptium\jdk-17.0.7.7-hotspot\bin"/>
    <property name="sun.java.command" value="org.apache.maven.surefire.booter.ForkedBooter C:\Users\sukhnain\AppData\Local\Temp\surefire16931395400549336244 2023-06-09T13-15-14_974-jvmRun1 surefire13401892768843582109tmp surefire_05884305787863084276tmp"/>
    <property name="jdk.debug" value="release"/>
    <property name="surefire.test.class.path" value="C:\Users\sukhnain\Documents\GitHub\Budgeter\target\test-classes;C:\Users\sukhnain\.m2\repository\org\openjfx\javafx-controls\19\javafx-controls-19.jar;C:\Users\sukhnain\.m2\repository\org\openjfx\javafx-graphics\19\javafx-graphics-19.jar;C:\Users\sukhnain\.m2\repository\org\openjfx\javafx-base\19\javafx-base-19.jar;C:\Users\sukhnain\.m2\repository\org\openjfx\javafx-fxml\19\javafx-fxml-19.jar;C:\Users\sukhnain\.m2\repository\junit\junit\4.12\junit-4.12.jar;C:\Users\sukhnain\.m2\repository\org\hamcrest\hamcrest-core\1.3\hamcrest-core-1.3.jar;"/>
    <property name="sun.cpu.endian" value="little"/>
    <property name="user.home" value="C:\Users\sukhnain"/>
    <property name="user.language" value="en"/>
    <property name="java.specification.vendor" value="Oracle Corporation"/>
    <property name="jdk.module.path" value="C:\Users\sukhnain\Documents\GitHub\Budgeter\target\classes;C:\Users\sukhnain\.m2\repository\org\openjfx\javafx-controls\19\javafx-controls-19-win.jar;C:\Users\sukhnain\.m2\repository\org\openjfx\javafx-graphics\19\javafx-graphics-19-win.jar;C:\Users\sukhnain\.m2\repository\org\openjfx\javafx-base\19\javafx-base-19-win.jar;C:\Users\sukhnain\.m2\repository\org\openjfx\javafx-fxml\19\javafx-fxml-19-win.jar"/>
    <property name="java.version.date" value="2023-04-18"/>
    <property name="java.home" value="C:\Program Files\Eclipse Adoptium\jdk-17.0.7.7-hotspot"/>
    <property name="file.separator" value="\"/>
    <property name="basedir" value="C:\Users\sukhnain\Documents\GitHub\Budgeter"/>
    <property name="java.vm.compressedOopsMode" value="Zero based"/>
    <property name="line.separator" value="&#10;"/>
    <property name="java.vm.specification.vendor" value="Oracle Corporation"/>
    <property name="java.specification.name" value="Java Platform API Specification"/>
    <property name="surefire.real.class.path" value="C:\Users\sukhnain\.m2\repository\org\apache\maven\surefire\surefire-booter\3.0.0-M5\surefire-booter-3.0.0-M5.jar;C:\Users\sukhnain\.m2\repository\org\apache\maven\surefire\surefire-api\3.0.0-M5\surefire-api-3.0.0-M5.jar;C:\Users\sukhnain\.m2\repository\org\apache\maven\surefire\surefire-logger-api\3.0.0-M5\surefire-logger-api-3.0.0-M5.jar;C:\Users\sukhnain\.m2\repository\org\apache\maven\surefire\surefire-shared-utils\3.0.0-M4\surefire-shared-utils-3.0.0-M4.jar;C:\Users\sukhnain\.m2\repository\org\apache\maven\surefire\surefire-extensions-spi\3.0.0-M5\surefire-extensions-spi-3.0.0-M5.jar;C:\Users\sukhnain\Documents\GitHub\Budgeter\target\test-classes;C:\Users\sukhnain\.m2\repository\org\openjfx\javafx-controls\19\javafx-controls-19.jar;C:\Users\sukhnain\.m2\repository\org\openjfx\javafx-graphics\19\javafx-graphics-19.jar;C:\Users\sukhnain\.m2\repository\org\openjfx\javafx-base\19\javafx-base-19.jar;C:\Users\sukhnain\.m2\repository\org\openjfx\javafx-fxml\19\javafx-fxml-19.jar;C:\Users\sukhnain\.m2\repository\junit\junit\4.12\junit-4.12.jar;C:\Users\sukhnain\.m2\repository\org\hamcrest\hamcrest-core\1.3\hamcrest-core-1.3.jar;C:\Users\sukhnain\.m2\repository\org\apache\maven\surefire\surefire-junit4\3.0.0-M5\surefire-junit4-3.0.0-M5.jar;C:\Users\sukhnain\.m2\repository\org\apache\maven\surefire\common-java5\3.0.0-M5\common-java5-3.0.0-M5.jar;C:\Users\sukhnain\.m2\repository\org\apache\maven\surefire\common-junit3\3.0.0-M5\common-junit3-3.0.0-M5.jar;C:\Users\sukhnain\.m2\repository\org\apache\maven\surefire\common-junit4\3.0.0-M5\common-junit4-3.0.0-M5.jar"/>
    <property name="user.script" value=""/>
    <property name="sun.management.compiler" value="HotSpot 64-Bit Tiered Compilers"/>
    <property name="java.runtime.version" value="17.0.7+7"/>
    <property name="user.name" value="sukhnain"/>
    <property name="path.separator" value=";"/>
    <property name="os.version" value="10.0"/>
    <property name="java.runtime.name" value="OpenJDK Runtime Environment"/>
    <property name="file.encoding" value="Cp1252"/>
    <property name="java.vm.name" value="OpenJDK 64-Bit Server VM"/>
    <property name="java.vendor.version" value="Temurin-17.0.7+7"/>
    <property name="localRepository" value="C:\Users\sukhnain\.m2\repository"/>
    <property name="java.vendor.url.bug" value="https://github.com/adoptium/adoptium-support/issues"/>
    <property name="java.io.tmpdir" value="C:\Users\sukhnain\AppData\Local\Temp\"/>
    <property name="java.version" value="17.0.7"/>
    <property name="user.dir" value="C:\Users\sukhnain\Documents\GitHub\Budgeter"/>
    <property name="os.arch" value="amd64"/>
    <property name="java.vm.specification.name" value="Java Virtual Machine Specification"/>
    <property name="sun.os.patch.level" value=""/>
    <property name="native.encoding" value="Cp1252"/>
    <property name="java.library.path" value="C:\Program Files\Eclipse Adoptium\jdk-17.0.7.7-hotspot\bin;C:\WINDOWS\Sun\Java\bin;C:\WINDOWS\system32;C:\WINDOWS;C:\Program Files\Eclipse Adoptium\jdk-17.0.7.7-hotspot\bin;C:\Program Files\Eclipse Adoptium\jdk-11.0.18.10-hotspot\bin;C:\Program Files\Eclipse Adoptium\jdk-8.0.362.9-hotspot\bin;C:\Program Files\Microsoft\jdk-11.0.16.101-hotspot\bin;C:\Program Files (x86)\Razer Chroma SDK\bin;C:\Program Files\Razer Chroma SDK\bin;C:\Program Files (x86)\Common Files\Oracle\Java\javapath;C:\Windows\system32;C:\Windows;C:\Windows\System32\Wbem;C:\Windows\System32\WindowsPowerShell\v1.0\;C:\Windows\System32\OpenSSH\;C:\Program Files\PuTTY\;C:\Program Files\NVIDIA Corporation\NVIDIA NvDLISR;C:\Program Files (x86)\NVIDIA Corporation\PhysX\Common;C:\Users\sukhnain\AppData\Local\Microsoft\WindowsApps;C:\WINDOWS\system32;C:\WINDOWS;C:\WINDOWS\System32\Wbem;C:\WINDOWS\System32\WindowsPowerShell\v1.0\;C:\WINDOWS\System32\OpenSSH\;C:\MinGW\bin;C:\Program Files\Microsoft SQL Server\150\Tools\Binn\;C:\Program Files (x86)\Tailscale IPN;C:\Program Files\Git\cmd;C:\Program Files\dotnet\;C:\Program Files\Microsoft SQL Server\Client SDK\ODBC\170\Tools\Binn\;C:\Program Files (x86)\Microsoft SQL Server\150\Tools\Binn\;C:\Program Files\Microsoft SQL Server\150\DTS\Binn\;C:\Program Files (x86)\Microsoft SQL Server\160\DTS\Binn\;C:\Program Files\Azure Data Studio\bin;C:\Program Files\nodejs\;C:\Program Files\luvit;C:\Program Files\luarocks;C:\Program Files\luajit\src;C:\Program Files\Git LFS;C:\Users\sukhnain\Documents\dependancies\libdpp-10.0.23-win64\bin;C:\Users\sukhnain\Documents\GitHub\TheHolyCow\libsodium-23.dll;C:\Users\sukhnain\Desktop\mven\apache-maven-3.9.1\bin;C:\Users\sukhnain\AppData\Local\Microsoft\WindowsApps;C:\Users\sukhnain\AppData\Local\Programs\Microsoft VS Code\bin;C:\Users\sukhnain\AppData\Local\GitHubDesktop\bin;C:\Program Files\Azure Data Studio\bin;C:\Program Files\heroku\bin;C:\Users\sukhnain\AppData\Roaming\npm;C:\Users\sukhnain\.dotnet\tools;C:\Users\sukhnain\AppData\Local\Programs\MiKTeX\miktex\bin\x64\;."/>
    <property name="java.vm.info" value="mixed mode"/>
    <property name="java.vendor" value="Eclipse Adoptium"/>
    <property name="java.vm.version" value="17.0.7+7"/>
    <property name="sun.io.unicode.encoding" value="UnicodeLittle"/>
    <property name="java.class.version" value="61.0"/>
  </properties>
  <testcase name="testEquals_ExpensesNotEqual" classname="com.application.budgeter.ExpenseTest" time="0"/>
  <testcase name="testLexicographicCategoryComparator" classname="com.application.budgeter.ExpenseTest" time="0"/>
  <testcase name="testEquals_NotAnExpense" classname="com.application.budgeter.ExpenseTest" time="0"/>
  <testcase name="testToString" classname="com.application.budgeter.ExpenseTest" time="0.012"/>
  <testcase name="testDateComparator" classname="com.application.budgeter.ExpenseTest" time="0.002"/>
  <testcase name="testGetName" classname="com.application.budgeter.ExpenseTest" time="0"/>
  <testcase name="testGetLocalDate" classname="com.application.budgeter.ExpenseTest" time="0"/>
  <testcase name="testEquals_ExpensesEqual" classname="com.application.budgeter.ExpenseTest" time="0"/>
  <testcase name="testSetAmount_NegativeNumer" classname="com.application.budgeter.ExpenseTest" time="0"/>
  <testcase name="testLexicographicNameComparator" classname="com.application.budgeter.ExpenseTest" time="0.001"/>
  <testcase name="testGetAmount" classname="com.application.budgeter.ExpenseTest" time="0"/>
  <testcase name="testGetCategory" classname="com.application.budgeter.ExpenseTest" time="0.001"/>
  <testcase name="testConstructorAmount_NegativeNumber" classname="com.application.budgeter.ExpenseTest" time="0"/>
  <testcase name="testAmountComparator" classname="com.application.budgeter.ExpenseTest" time="0.001"/>
</testsuite>